🖥  Using device : cuda
Loaded: (2555904, 1024, 2) (2555904, 24) (2555904,)
After SNR filter : (2260992, 1024, 2)
Train: (2260992, 1024, 2)  Test: (2260992, 1024, 2)
💡 first batch shape : torch.Size([32, 2, 1, 1024])
RMLNet(
  (model): Sequential(
    (0): Sequential(
      (0): Conv2d(2, 64, kernel_size=(1, 3), stride=(1, 1), padding=(0, 1))
      (1): BatchNorm2d(64, eps=0.001, momentum=0.99, affine=True, track_running_stats=True)
      (2): ReLU(inplace=True)
      (3): MaxPool2d(kernel_size=(1, 2), stride=(1, 2), padding=0, dilation=1, ceil_mode=False)
    )
    (1): Sequential(
      (0): Conv2d(64, 64, kernel_size=(1, 3), stride=(1, 1), padding=(0, 1))
      (1): BatchNorm2d(64, eps=0.001, momentum=0.99, affine=True, track_running_stats=True)
      (2): ReLU(inplace=True)
      (3): MaxPool2d(kernel_size=(1, 2), stride=(1, 2), padding=0, dilation=1, ceil_mode=False)
    )
    (2): Sequential(
      (0): Conv2d(64, 64, kernel_size=(1, 3), stride=(1, 1), padding=(0, 1))
      (1): BatchNorm2d(64, eps=0.001, momentum=0.99, affine=True, track_running_stats=True)
      (2): ReLU(inplace=True)
      (3): MaxPool2d(kernel_size=(1, 2), stride=(1, 2), padding=0, dilation=1, ceil_mode=False)
    )
    (3): Sequential(
      (0): Conv2d(64, 64, kernel_size=(1, 3), stride=(1, 1), padding=(0, 1))
      (1): BatchNorm2d(64, eps=0.001, momentum=0.99, affine=True, track_running_stats=True)
      (2): ReLU(inplace=True)
      (3): MaxPool2d(kernel_size=(1, 2), stride=(1, 2), padding=0, dilation=1, ceil_mode=False)
    )
    (4): Sequential(
      (0): Conv2d(64, 64, kernel_size=(1, 3), stride=(1, 1), padding=(0, 1))
      (1): BatchNorm2d(64, eps=0.001, momentum=0.99, affine=True, track_running_stats=True)
      (2): ReLU(inplace=True)
      (3): MaxPool2d(kernel_size=(1, 2), stride=(1, 2), padding=0, dilation=1, ceil_mode=False)
    )
    (5): Sequential(
      (0): Conv2d(64, 64, kernel_size=(1, 3), stride=(1, 1), padding=(0, 1))
      (1): BatchNorm2d(64, eps=0.001, momentum=0.99, affine=True, track_running_stats=True)
      (2): ReLU(inplace=True)
      (3): AvgPool2d(kernel_size=(1, 16), stride=(1, 16), padding=0)
    )
    (6): Flatten(start_dim=1, end_dim=-1)
    (7): Linear(in_features=128, out_features=128, bias=True)
    (8): ReLU(inplace=True)
    (9): Dropout(p=0.5, inplace=False)
    (10): Linear(in_features=128, out_features=24, bias=True)
  )
)
Epoch   1 | train loss  1.4950 acc  0.453 | val loss  1.2550 acc  0.538
Epoch   2 | train loss  1.2812 acc  0.533 | val loss  1.3744 acc  0.550
Epoch   3 | train loss  1.2219 acc  0.555 | val loss  1.4466 acc  0.585
Epoch   4 | train loss  1.1911 acc  0.569 | val loss  1.3549 acc  0.588
Epoch   5 | train loss  1.1701 acc  0.578 | val loss  1.2632 acc  0.587
Epoch   6 | train loss  1.1553 acc  0.584 | val loss  1.2139 acc  0.567
Epoch   7 | train loss  1.1450 acc  0.588 | val loss  2.0312 acc  0.591
Epoch   8 | train loss  1.1370 acc  0.591 | val loss  1.2296 acc  0.589
Epoch   9 | train loss  1.1305 acc  0.594 | val loss  1.0678 acc  0.623
Epoch  10 | train loss  1.1246 acc  0.597 | val loss  2.9002 acc  0.613
Epoch  11 | train loss  1.1202 acc  0.598 | val loss  1.3003 acc  0.615
Epoch  12 | train loss  1.1162 acc  0.600 | val loss  1.2457 acc  0.601
Epoch  13 | train loss  1.1119 acc  0.602 | val loss  1.0792 acc  0.624
Epoch  14 | train loss  1.1098 acc  0.603 | val loss  1.0356 acc  0.633
Epoch  15 | train loss  1.1064 acc  0.605 | val loss  1.0550 acc  0.615
Epoch  16 | train loss  1.1045 acc  0.605 | val loss  1.0862 acc  0.612
Epoch  17 | train loss  1.1018 acc  0.607 | val loss  1.9747 acc  0.624
Epoch  18 | train loss  1.0996 acc  0.607 | val loss  1.5402 acc  0.615
Epoch  19 | train loss  1.0983 acc  0.608 | val loss  2.8314 acc  0.614
⏹  Early stopping triggered.

Test‑set  loss : 1.0356 | accuracy : 0.6327
✅  Saved confmat_snr_-14.png

📊  Classification report for SNR -14 dB (easy classes):
              precision    recall  f1-score   support

         OOK       0.00      0.00      0.00      4096
        4ASK       0.10      0.00      0.00      4096
        BPSK       0.10      0.00      0.01      4096
        QPSK       0.25      0.07      0.11      4096
        8PSK       0.00      0.00      0.00      4096
       16QAM       0.00      0.00      0.00      4096
   AM-SSB-SC       0.09      0.01      0.02      4096
   AM-DSB-SC       0.00      0.00      0.00      4096
          FM       0.10      0.02      0.03      4096
        GMSK       0.09      0.74      0.16      4096
       OQPSK       0.08      0.00      0.00      4096

   micro avg       0.10      0.08      0.09     45056
   macro avg       0.07      0.08      0.03     45056
weighted avg       0.07      0.08      0.03     45056

✅  Saved confmat_snr_-12.png

📊  Classification report for SNR -12 dB (easy classes):
              precision    recall  f1-score   support

         OOK       0.00      0.00      0.00      4096
        4ASK       0.07      0.00      0.00      4096
        BPSK       0.13      0.01      0.01      4096
        QPSK       0.45      0.18      0.25      4096
        8PSK       0.00      0.00      0.00      4096
       16QAM       0.00      0.00      0.00      4096
   AM-SSB-SC       0.10      0.01      0.02      4096
   AM-DSB-SC       0.12      0.00      0.00      4096
          FM       0.11      0.02      0.04      4096
        GMSK       0.09      0.73      0.17      4096
       OQPSK       0.10      0.00      0.00      4096

   micro avg       0.11      0.09      0.10     45056
   macro avg       0.11      0.09      0.05     45056
weighted avg       0.11      0.09      0.05     45056

✅  Saved confmat_snr_-10.png

📊  Classification report for SNR -10 dB (easy classes):
              precision    recall  f1-score   support

         OOK       0.00      0.00      0.00      4096
        4ASK       0.07      0.00      0.00      4096
        BPSK       0.09      0.01      0.02      4096
        QPSK       0.72      0.54      0.62      4096
        8PSK       0.00      0.00      0.00      4096
       16QAM       0.08      0.00      0.00      4096
   AM-SSB-SC       0.09      0.01      0.02      4096
   AM-DSB-SC       0.06      0.00      0.00      4096
          FM       0.11      0.03      0.05      4096
        GMSK       0.10      0.73      0.17      4096
       OQPSK       0.08      0.00      0.00      4096

   micro avg       0.15      0.12      0.13     45056
   macro avg       0.13      0.12      0.08     45056
weighted avg       0.13      0.12      0.08     45056

✅  Saved confmat_snr_-8.png

📊  Classification report for SNR -8 dB (easy classes):
              precision    recall  f1-score   support

         OOK       0.15      0.00      0.00      4096
        4ASK       0.08      0.00      0.01      4096
        BPSK       0.11      0.05      0.07      4096
        QPSK       0.82      0.80      0.81      4096
        8PSK       0.50      0.00      0.00      4096
       16QAM       0.08      0.00      0.01      4096
   AM-SSB-SC       0.09      0.01      0.02      4096
   AM-DSB-SC       0.09      0.00      0.01      4096
          FM       0.32      0.16      0.21      4096
        GMSK       0.10      0.71      0.18      4096
       OQPSK       0.10      0.00      0.00      4096

   micro avg       0.19      0.16      0.17     45056
   macro avg       0.22      0.16      0.12     45056
weighted avg       0.22      0.16      0.12     45056

✅  Saved confmat_snr_-6.png

📊  Classification report for SNR -6 dB (easy classes):
              precision    recall  f1-score   support

         OOK       0.26      0.04      0.06      4096
        4ASK       0.11      0.05      0.06      4096
        BPSK       0.11      0.31      0.16      4096
        QPSK       0.98      0.72      0.83      4096
        8PSK       0.14      0.00      0.00      4096
       16QAM       0.12      0.09      0.10      4096
   AM-SSB-SC       0.09      0.01      0.01      4096
   AM-DSB-SC       0.12      0.02      0.04      4096
          FM       0.62      0.60      0.61      4096
        GMSK       0.11      0.39      0.18      4096
       OQPSK       0.11      0.00      0.01      4096

   micro avg       0.23      0.20      0.22     45056
   macro avg       0.25      0.20      0.19     45056
weighted avg       0.25      0.20      0.19     45056

✅  Saved confmat_snr_-4.png

📊  Classification report for SNR -4 dB (easy classes):
              precision    recall  f1-score   support

         OOK       0.52      0.67      0.58      4096
        4ASK       0.17      0.23      0.20      4096
        BPSK       0.13      0.49      0.20      4096
        QPSK       1.00      0.73      0.84      4096
        8PSK       0.25      0.02      0.03      4096
       16QAM       0.21      0.18      0.20      4096
   AM-SSB-SC       0.16      0.00      0.00      4096
   AM-DSB-SC       0.16      0.03      0.05      4096
          FM       0.93      0.99      0.96      4096
        GMSK       0.18      0.13      0.15      4096
       OQPSK       0.22      0.02      0.03      4096

   micro avg       0.34      0.32      0.33     45056
   macro avg       0.36      0.32      0.30     45056
weighted avg       0.36      0.32      0.30     45056

✅  Saved confmat_snr_-2.png

📊  Classification report for SNR -2 dB (easy classes):
              precision    recall  f1-score   support

         OOK       0.87      0.99      0.93      4096
        4ASK       0.21      0.28      0.24      4096
        BPSK       0.21      0.38      0.27      4096
        QPSK       1.00      0.83      0.91      4096
        8PSK       0.34      0.37      0.35      4096
       16QAM       0.50      0.66      0.57      4096
   AM-SSB-SC       0.18      0.00      0.01      4096
   AM-DSB-SC       0.25      0.01      0.02      4096
          FM       1.00      1.00      1.00      4096
        GMSK       0.38      0.54      0.45      4096
       OQPSK       0.26      0.05      0.08      4096

   micro avg       0.50      0.46      0.48     45056
   macro avg       0.47      0.46      0.44     45056
weighted avg       0.47      0.46      0.44     45056

✅  Saved confmat_snr_0.png

📊  Classification report for SNR 0 dB (easy classes):
              precision    recall  f1-score   support

         OOK       1.00      1.00      1.00      4096
        4ASK       0.27      0.29      0.28      4096
        BPSK       0.54      0.54      0.54      4096
        QPSK       1.00      0.91      0.96      4096
        8PSK       0.41      0.61      0.49      4096
       16QAM       0.89      0.94      0.91      4096
   AM-SSB-SC       0.28      0.01      0.03      4096
   AM-DSB-SC       0.38      0.03      0.06      4096
          FM       1.00      1.00      1.00      4096
        GMSK       0.66      0.98      0.79      4096
       OQPSK       0.77      0.14      0.24      4096

   micro avg       0.69      0.59      0.63     45056
   macro avg       0.65      0.59      0.57     45056
weighted avg       0.65      0.59      0.57     45056

✅  Saved confmat_snr_2.png

📊  Classification report for SNR 2 dB (easy classes):
              precision    recall  f1-score   support

         OOK       1.00      1.00      1.00      4096
        4ASK       0.34      0.39      0.36      4096
        BPSK       0.84      0.80      0.82      4096
        QPSK       1.00      0.94      0.97      4096
        8PSK       0.59      0.74      0.65      4096
       16QAM       1.00      1.00      1.00      4096
   AM-SSB-SC       0.40      0.11      0.17      4096
   AM-DSB-SC       0.59      0.12      0.20      4096
          FM       1.00      1.00      1.00      4096
        GMSK       0.92      1.00      0.96      4096
       OQPSK       0.98      0.61      0.75      4096

   micro avg       0.81      0.70      0.75     45056
   macro avg       0.79      0.70      0.72     45056
weighted avg       0.79      0.70      0.72     45056

✅  Saved confmat_snr_4.png

📊  Classification report for SNR 4 dB (easy classes):
              precision    recall  f1-score   support

         OOK       1.00      1.00      1.00      4096
        4ASK       0.50      0.56      0.53      4096
        BPSK       0.98      0.94      0.96      4096
        QPSK       1.00      0.97      0.98      4096
        8PSK       0.83      0.88      0.85      4096
       16QAM       1.00      1.00      1.00      4096
   AM-SSB-SC       0.59      0.28      0.38      4096
   AM-DSB-SC       0.77      0.29      0.42      4096
          FM       1.00      1.00      1.00      4096
        GMSK       0.99      1.00      1.00      4096
       OQPSK       1.00      0.78      0.88      4096

   micro avg       0.89      0.79      0.84     45056
   macro avg       0.88      0.79      0.82     45056
weighted avg       0.88      0.79      0.82     45056

✅  Saved confmat_snr_6.png

📊  Classification report for SNR 6 dB (easy classes):
              precision    recall  f1-score   support

         OOK       1.00      1.00      1.00      4096
        4ASK       0.71      0.71      0.71      4096
        BPSK       1.00      0.99      1.00      4096
        QPSK       1.00      0.98      0.99      4096
        8PSK       0.96      0.98      0.97      4096
       16QAM       1.00      1.00      1.00      4096
   AM-SSB-SC       0.79      0.54      0.64      4096
   AM-DSB-SC       0.91      0.46      0.61      4096
          FM       1.00      1.00      1.00      4096
        GMSK       1.00      1.00      1.00      4096
       OQPSK       1.00      0.88      0.94      4096

   micro avg       0.95      0.87      0.91     45056
   macro avg       0.94      0.87      0.90     45056
weighted avg       0.94      0.87      0.90     45056

✅  Saved confmat_snr_8.png

📊  Classification report for SNR 8 dB (easy classes):
              precision    recall  f1-score   support

         OOK       1.00      1.00      1.00      4096
        4ASK       0.83      0.82      0.82      4096
        BPSK       1.00      1.00      1.00      4096
        QPSK       1.00      0.98      0.99      4096
        8PSK       0.99      1.00      0.99      4096
       16QAM       1.00      1.00      1.00      4096
   AM-SSB-SC       0.86      0.79      0.82      4096
   AM-DSB-SC       0.98      0.54      0.70      4096
          FM       1.00      1.00      1.00      4096
        GMSK       1.00      1.00      1.00      4096
       OQPSK       1.00      0.96      0.98      4096

   micro avg       0.97      0.92      0.94     45056
   macro avg       0.97      0.92      0.94     45056
weighted avg       0.97      0.92      0.94     45056

✅  Saved confmat_snr_10.png

📊  Classification report for SNR 10 dB (easy classes):
              precision    recall  f1-score   support

         OOK       1.00      1.00      1.00      4096
        4ASK       0.88      0.86      0.87      4096
        BPSK       1.00      1.00      1.00      4096
        QPSK       1.00      0.98      0.99      4096
        8PSK       0.99      1.00      1.00      4096
       16QAM       1.00      1.00      1.00      4096
   AM-SSB-SC       0.89      0.89      0.89      4096
   AM-DSB-SC       0.99      0.59      0.74      4096
          FM       1.00      1.00      1.00      4096
        GMSK       1.00      1.00      1.00      4096
       OQPSK       1.00      0.98      0.99      4096

   micro avg       0.98      0.94      0.96     45056
   macro avg       0.98      0.94      0.95     45056
weighted avg       0.98      0.94      0.95     45056

✅  Saved confmat_snr_12.png

📊  Classification report for SNR 12 dB (easy classes):
              precision    recall  f1-score   support

         OOK       1.00      1.00      1.00      4096
        4ASK       0.91      0.88      0.89      4096
        BPSK       1.00      1.00      1.00      4096
        QPSK       1.00      0.99      0.99      4096
        8PSK       1.00      1.00      1.00      4096
       16QAM       1.00      1.00      1.00      4096
   AM-SSB-SC       0.89      0.91      0.90      4096
   AM-DSB-SC       0.99      0.61      0.75      4096
          FM       1.00      1.00      1.00      4096
        GMSK       1.00      1.00      1.00      4096
       OQPSK       1.00      0.99      0.99      4096

   micro avg       0.98      0.94      0.96     45056
   macro avg       0.98      0.94      0.96     45056
weighted avg       0.98      0.94      0.96     45056

✅  Saved confmat_snr_14.png

📊  Classification report for SNR 14 dB (easy classes):
              precision    recall  f1-score   support

         OOK       1.00      1.00      1.00      4096
        4ASK       0.90      0.88      0.89      4096
        BPSK       1.00      1.00      1.00      4096
        QPSK       1.00      0.98      0.99      4096
        8PSK       1.00      1.00      1.00      4096
       16QAM       1.00      1.00      1.00      4096
   AM-SSB-SC       0.90      0.91      0.90      4096
   AM-DSB-SC       0.99      0.61      0.76      4096
          FM       1.00      1.00      1.00      4096
        GMSK       1.00      1.00      1.00      4096
       OQPSK       1.00      0.99      1.00      4096

   micro avg       0.98      0.94      0.96     45056
   macro avg       0.98      0.94      0.96     45056
weighted avg       0.98      0.94      0.96     45056

✅  Saved confmat_snr_16.png

📊  Classification report for SNR 16 dB (easy classes):
              precision    recall  f1-score   support

         OOK       1.00      1.00      1.00      4096
        4ASK       0.91      0.89      0.90      4096
        BPSK       1.00      1.00      1.00      4096
        QPSK       1.00      0.98      0.99      4096
        8PSK       1.00      1.00      1.00      4096
       16QAM       1.00      1.00      1.00      4096
   AM-SSB-SC       0.91      0.92      0.91      4096
   AM-DSB-SC       1.00      0.61      0.76      4096
          FM       1.00      1.00      1.00      4096
        GMSK       1.00      1.00      1.00      4096
       OQPSK       1.00      0.99      0.99      4096

   micro avg       0.98      0.95      0.96     45056
   macro avg       0.98      0.95      0.96     45056
weighted avg       0.98      0.95      0.96     45056

✅  Saved confmat_snr_18.png

📊  Classification report for SNR 18 dB (easy classes):
              precision    recall  f1-score   support

         OOK       1.00      1.00      1.00      4096
        4ASK       0.91      0.89      0.90      4096
        BPSK       1.00      1.00      1.00      4096
        QPSK       1.00      0.98      0.99      4096
        8PSK       1.00      1.00      1.00      4096
       16QAM       1.00      1.00      1.00      4096
   AM-SSB-SC       0.90      0.91      0.91      4096
   AM-DSB-SC       1.00      0.61      0.76      4096
          FM       1.00      1.00      1.00      4096
        GMSK       1.00      1.00      1.00      4096
       OQPSK       1.00      0.99      0.99      4096

   micro avg       0.98      0.94      0.96     45056
   macro avg       0.98      0.94      0.96     45056
weighted avg       0.98      0.94      0.96     45056

✅  Saved confmat_snr_20.png

📊  Classification report for SNR 20 dB (easy classes):
              precision    recall  f1-score   support

         OOK       1.00      1.00      1.00      4096
        4ASK       0.91      0.88      0.90      4096
        BPSK       1.00      1.00      1.00      4096
        QPSK       1.00      0.99      0.99      4096
        8PSK       1.00      1.00      1.00      4096
       16QAM       1.00      1.00      1.00      4096
   AM-SSB-SC       0.90      0.91      0.90      4096
   AM-DSB-SC       1.00      0.63      0.77      4096
          FM       1.00      1.00      1.00      4096
        GMSK       1.00      1.00      1.00      4096
       OQPSK       1.00      0.99      1.00      4096

   micro avg       0.98      0.95      0.96     45056
   macro avg       0.98      0.95      0.96     45056
weighted avg       0.98      0.95      0.96     45056

✅  Saved confmat_snr_22.png

📊  Classification report for SNR 22 dB (easy classes):
              precision    recall  f1-score   support

         OOK       1.00      1.00      1.00      4096
        4ASK       0.91      0.89      0.90      4096
        BPSK       1.00      1.00      1.00      4096
        QPSK       1.00      0.98      0.99      4096
        8PSK       1.00      1.00      1.00      4096
       16QAM       1.00      1.00      1.00      4096
   AM-SSB-SC       0.90      0.92      0.91      4096
   AM-DSB-SC       1.00      0.62      0.76      4096
          FM       1.00      1.00      1.00      4096
        GMSK       1.00      1.00      1.00      4096
       OQPSK       1.00      0.99      1.00      4096

   micro avg       0.98      0.95      0.96     45056
   macro avg       0.98      0.95      0.96     45056
weighted avg       0.98      0.95      0.96     45056

✅  Saved confmat_snr_24.png

📊  Classification report for SNR 24 dB (easy classes):
              precision    recall  f1-score   support

         OOK       1.00      1.00      1.00      4096
        4ASK       0.91      0.89      0.90      4096
        BPSK       1.00      1.00      1.00      4096
        QPSK       1.00      0.99      0.99      4096
        8PSK       1.00      1.00      1.00      4096
       16QAM       1.00      1.00      1.00      4096
   AM-SSB-SC       0.90      0.92      0.91      4096
   AM-DSB-SC       1.00      0.63      0.77      4096
          FM       1.00      1.00      1.00      4096
        GMSK       1.00      1.00      1.00      4096
       OQPSK       1.00      0.99      0.99      4096

   micro avg       0.98      0.95      0.96     45056
   macro avg       0.98      0.95      0.96     45056
weighted avg       0.98      0.95      0.96     45056

✅  Saved confmat_snr_26.png

📊  Classification report for SNR 26 dB (easy classes):
              precision    recall  f1-score   support

         OOK       1.00      1.00      1.00      4096
        4ASK       0.91      0.89      0.90      4096
        BPSK       1.00      1.00      1.00      4096
        QPSK       1.00      0.99      0.99      4096
        8PSK       1.00      1.00      1.00      4096
       16QAM       1.00      1.00      1.00      4096
   AM-SSB-SC       0.90      0.92      0.91      4096
   AM-DSB-SC       1.00      0.62      0.77      4096
          FM       1.00      1.00      1.00      4096
        GMSK       1.00      1.00      1.00      4096
       OQPSK       1.00      0.99      1.00      4096

   micro avg       0.98      0.95      0.96     45056
   macro avg       0.98      0.95      0.96     45056
weighted avg       0.98      0.95      0.96     45056

✅  Saved confmat_snr_28.png

📊  Classification report for SNR 28 dB (easy classes):
              precision    recall  f1-score   support

         OOK       1.00      1.00      1.00      4096
        4ASK       0.92      0.89      0.90      4096
        BPSK       1.00      1.00      1.00      4096
        QPSK       1.00      0.98      0.99      4096
        8PSK       1.00      1.00      1.00      4096
       16QAM       1.00      1.00      1.00      4096
   AM-SSB-SC       0.90      0.92      0.91      4096
   AM-DSB-SC       1.00      0.62      0.77      4096
          FM       1.00      1.00      1.00      4096
        GMSK       1.00      1.00      1.00      4096
       OQPSK       1.00      0.99      1.00      4096

   micro avg       0.98      0.95      0.96     45056
   macro avg       0.98      0.95      0.96     45056
weighted avg       0.98      0.95      0.96     45056

✅  Saved confmat_snr_30.png

📊  Classification report for SNR 30 dB (easy classes):
              precision    recall  f1-score   support

         OOK       1.00      1.00      1.00      4096
        4ASK       0.91      0.89      0.90      4096
        BPSK       1.00      1.00      1.00      4096
        QPSK       1.00      0.99      0.99      4096
        8PSK       1.00      1.00      1.00      4096
       16QAM       1.00      1.00      1.00      4096
   AM-SSB-SC       0.91      0.91      0.91      4096
   AM-DSB-SC       1.00      0.63      0.77      4096
          FM       1.00      1.00      1.00      4096
        GMSK       1.00      1.00      1.00      4096
       OQPSK       1.00      0.99      0.99      4096

   micro avg       0.98      0.95      0.96     45056
   macro avg       0.98      0.95      0.96     45056
weighted avg       0.98      0.95      0.96     45056

