🖥  Using device : cuda
Loaded: (2555904, 1024, 2) (2555904, 24) (2555904,)
After SNR filter : (2260992, 1024, 2)
Train: (2260992, 1024, 2)  Test: (2260992, 1024, 2)
💡 first batch shape : torch.Size([32, 2, 1, 1024])
RMLNet(
  (model): Sequential(
    (0): Sequential(
      (0): Conv2d(2, 64, kernel_size=(1, 3), stride=(1, 1), padding=(0, 1))
      (1): BatchNorm2d(64, eps=0.001, momentum=0.99, affine=True, track_running_stats=True)
      (2): ReLU(inplace=True)
      (3): MaxPool2d(kernel_size=(1, 2), stride=(1, 2), padding=0, dilation=1, ceil_mode=False)
    )
    (1): Sequential(
      (0): Conv2d(64, 64, kernel_size=(1, 3), stride=(1, 1), padding=(0, 1))
      (1): BatchNorm2d(64, eps=0.001, momentum=0.99, affine=True, track_running_stats=True)
      (2): ReLU(inplace=True)
      (3): MaxPool2d(kernel_size=(1, 2), stride=(1, 2), padding=0, dilation=1, ceil_mode=False)
    )
    (2): Sequential(
      (0): Conv2d(64, 64, kernel_size=(1, 3), stride=(1, 1), padding=(0, 1))
      (1): BatchNorm2d(64, eps=0.001, momentum=0.99, affine=True, track_running_stats=True)
      (2): ReLU(inplace=True)
      (3): MaxPool2d(kernel_size=(1, 2), stride=(1, 2), padding=0, dilation=1, ceil_mode=False)
    )
    (3): Sequential(
      (0): Conv2d(64, 64, kernel_size=(1, 3), stride=(1, 1), padding=(0, 1))
      (1): BatchNorm2d(64, eps=0.001, momentum=0.99, affine=True, track_running_stats=True)
      (2): ReLU(inplace=True)
      (3): MaxPool2d(kernel_size=(1, 2), stride=(1, 2), padding=0, dilation=1, ceil_mode=False)
    )
    (4): Sequential(
      (0): Conv2d(64, 64, kernel_size=(1, 3), stride=(1, 1), padding=(0, 1))
      (1): BatchNorm2d(64, eps=0.001, momentum=0.99, affine=True, track_running_stats=True)
      (2): ReLU(inplace=True)
      (3): MaxPool2d(kernel_size=(1, 2), stride=(1, 2), padding=0, dilation=1, ceil_mode=False)
    )
    (5): Sequential(
      (0): Conv2d(64, 64, kernel_size=(1, 3), stride=(1, 1), padding=(0, 1))
      (1): BatchNorm2d(64, eps=0.001, momentum=0.99, affine=True, track_running_stats=True)
      (2): ReLU(inplace=True)
      (3): AvgPool2d(kernel_size=(1, 16), stride=(1, 16), padding=0)
    )
    (6): Flatten(start_dim=1, end_dim=-1)
    (7): Linear(in_features=128, out_features=128, bias=True)
    (8): ReLU(inplace=True)
    (9): Dropout(p=0.5, inplace=False)
    (10): Linear(in_features=128, out_features=24, bias=True)
  )
)
Epoch   1 | train loss  1.5044 acc  0.451 | val loss  1.2603 acc  0.538
Epoch   2 | train loss  1.2841 acc  0.534 | val loss  1.4467 acc  0.548
Epoch   3 | train loss  1.2246 acc  0.557 | val loss  1.2021 acc  0.586
Epoch   4 | train loss  1.1936 acc  0.571 | val loss  1.2495 acc  0.583
Epoch   5 | train loss  1.1734 acc  0.580 | val loss  1.1202 acc  0.594
Epoch   6 | train loss  1.1576 acc  0.586 | val loss  1.1766 acc  0.580
Epoch   7 | train loss  1.1466 acc  0.590 | val loss  1.1560 acc  0.600
Epoch   8 | train loss  1.1375 acc  0.594 | val loss  1.3698 acc  0.602
Epoch   9 | train loss  1.1311 acc  0.597 | val loss  1.0620 acc  0.617
Epoch  10 | train loss  1.1262 acc  0.599 | val loss  1.4227 acc  0.618
Epoch  11 | train loss  1.1220 acc  0.601 | val loss  1.3752 acc  0.624
Epoch  12 | train loss  1.1180 acc  0.603 | val loss  1.2961 acc  0.606
Epoch  13 | train loss  1.1142 acc  0.604 | val loss  1.1014 acc  0.626
Epoch  14 | train loss  1.1121 acc  0.605 | val loss  1.0462 acc  0.630
Epoch  15 | train loss  1.1091 acc  0.606 | val loss  1.0720 acc  0.617
Epoch  16 | train loss  1.1083 acc  0.607 | val loss  1.1443 acc  0.595
Epoch  17 | train loss  1.1053 acc  0.608 | val loss  1.0751 acc  0.626
Epoch  18 | train loss  1.1033 acc  0.609 | val loss  1.1003 acc  0.614
Epoch  19 | train loss  1.1015 acc  0.610 | val loss  1.3980 acc  0.630
⏹  Early stopping triggered.

Test‑set  loss : 1.0462 | accuracy : 0.6299
✅  Saved confmat_snr_-14.png

📊  Classification report for SNR -14 dB (easy classes):
              precision    recall  f1-score   support

         OOK       0.00      0.00      0.00      4096
        4ASK       0.00      0.00      0.00      4096
        BPSK       0.02      0.00      0.00      4096
        QPSK       0.36      0.02      0.03      4096
        8PSK       0.00      0.00      0.00      4096
       16QAM       0.09      0.00      0.01      4096
   AM-SSB-SC       0.00      0.00      0.00      4096
   AM-DSB-SC       0.00      0.00      0.00      4096
          FM       0.10      0.01      0.03      4096
        GMSK       0.09      0.87      0.17      4096
       OQPSK       0.07      0.00      0.01      4096

   micro avg       0.09      0.08      0.09     45056
   macro avg       0.07      0.08      0.02     45056
weighted avg       0.07      0.08      0.02     45056

✅  Saved confmat_snr_-12.png

📊  Classification report for SNR -12 dB (easy classes):
              precision    recall  f1-score   support

         OOK       0.00      0.00      0.00      4096
        4ASK       0.10      0.00      0.00      4096
        BPSK       0.06      0.00      0.00      4096
        QPSK       0.62      0.05      0.10      4096
        8PSK       0.00      0.00      0.00      4096
       16QAM       0.08      0.01      0.01      4096
   AM-SSB-SC       0.00      0.00      0.00      4096
   AM-DSB-SC       0.00      0.00      0.00      4096
          FM       0.12      0.02      0.03      4096
        GMSK       0.09      0.87      0.17      4096
       OQPSK       0.07      0.00      0.01      4096

   micro avg       0.10      0.09      0.09     45056
   macro avg       0.10      0.09      0.03     45056
weighted avg       0.10      0.09      0.03     45056

✅  Saved confmat_snr_-10.png

📊  Classification report for SNR -10 dB (easy classes):
              precision    recall  f1-score   support

         OOK       0.00      0.00      0.00      4096
        4ASK       0.09      0.00      0.00      4096
        BPSK       0.08      0.00      0.00      4096
        QPSK       0.91      0.31      0.47      4096
        8PSK       0.00      0.00      0.00      4096
       16QAM       0.12      0.02      0.04      4096
   AM-SSB-SC       0.00      0.00      0.00      4096
   AM-DSB-SC       0.00      0.00      0.00      4096
          FM       0.15      0.03      0.05      4096
        GMSK       0.10      0.85      0.17      4096
       OQPSK       0.08      0.00      0.01      4096

   micro avg       0.13      0.11      0.12     45056
   macro avg       0.14      0.11      0.07     45056
weighted avg       0.14      0.11      0.07     45056

✅  Saved confmat_snr_-8.png

📊  Classification report for SNR -8 dB (easy classes):
              precision    recall  f1-score   support

         OOK       0.25      0.00      0.00      4096
        4ASK       0.09      0.01      0.01      4096
        BPSK       0.09      0.01      0.02      4096
        QPSK       0.97      0.87      0.92      4096
        8PSK       0.33      0.00      0.00      4096
       16QAM       0.10      0.12      0.11      4096
   AM-SSB-SC       0.00      0.00      0.00      4096
   AM-DSB-SC       0.00      0.00      0.00      4096
          FM       0.36      0.17      0.23      4096
        GMSK       0.10      0.76      0.18      4096
       OQPSK       0.08      0.00      0.01      4096

   micro avg       0.19      0.18      0.18     45056
   macro avg       0.22      0.18      0.13     45056
weighted avg       0.22      0.18      0.13     45056

✅  Saved confmat_snr_-6.png

📊  Classification report for SNR -6 dB (easy classes):
              precision    recall  f1-score   support

         OOK       0.23      0.01      0.01      4096
        4ASK       0.13      0.11      0.12      4096
        BPSK       0.10      0.02      0.03      4096
        QPSK       0.99      0.84      0.91      4096
        8PSK       0.00      0.00      0.00      4096
       16QAM       0.11      0.60      0.18      4096
   AM-SSB-SC       0.21      0.00      0.00      4096
   AM-DSB-SC       0.00      0.00      0.00      4096
          FM       0.57      0.66      0.61      4096
        GMSK       0.12      0.20      0.15      4096
       OQPSK       0.11      0.01      0.02      4096

   micro avg       0.24      0.22      0.23     45056
   macro avg       0.23      0.22      0.19     45056
weighted avg       0.23      0.22      0.19     45056

✅  Saved confmat_snr_-4.png

📊  Classification report for SNR -4 dB (easy classes):
              precision    recall  f1-score   support

         OOK       0.62      0.45      0.52      4096
        4ASK       0.14      0.44      0.21      4096
        BPSK       0.14      0.03      0.05      4096
        QPSK       1.00      0.69      0.82      4096
        8PSK       0.23      0.02      0.03      4096
       16QAM       0.16      0.38      0.22      4096
   AM-SSB-SC       0.12      0.00      0.00      4096
   AM-DSB-SC       0.16      0.02      0.03      4096
          FM       0.79      0.99      0.88      4096
        GMSK       0.18      0.04      0.07      4096
       OQPSK       0.15      0.19      0.17      4096

   micro avg       0.32      0.30      0.31     45056
   macro avg       0.34      0.30      0.27     45056
weighted avg       0.34      0.30      0.27     45056

✅  Saved confmat_snr_-2.png

📊  Classification report for SNR -2 dB (easy classes):
              precision    recall  f1-score   support

         OOK       0.85      0.99      0.92      4096
        4ASK       0.20      0.40      0.26      4096
        BPSK       0.23      0.16      0.19      4096
        QPSK       1.00      0.72      0.84      4096
        8PSK       0.34      0.41      0.37      4096
       16QAM       0.46      0.69      0.55      4096
   AM-SSB-SC       0.17      0.01      0.02      4096
   AM-DSB-SC       0.23      0.02      0.04      4096
          FM       0.98      1.00      0.99      4096
        GMSK       0.43      0.37      0.40      4096
       OQPSK       0.32      0.17      0.22      4096

   micro avg       0.50      0.45      0.47     45056
   macro avg       0.47      0.45      0.44     45056
weighted avg       0.47      0.45      0.44     45056

✅  Saved confmat_snr_0.png

📊  Classification report for SNR 0 dB (easy classes):
              precision    recall  f1-score   support

         OOK       0.98      1.00      0.99      4096
        4ASK       0.25      0.19      0.21      4096
        BPSK       0.60      0.43      0.50      4096
        QPSK       1.00      0.83      0.91      4096
        8PSK       0.34      0.81      0.48      4096
       16QAM       0.92      0.93      0.92      4096
   AM-SSB-SC       0.29      0.03      0.06      4096
   AM-DSB-SC       0.36      0.03      0.06      4096
          FM       1.00      1.00      1.00      4096
        GMSK       0.73      0.94      0.82      4096
       OQPSK       0.78      0.13      0.22      4096

   micro avg       0.68      0.57      0.62     45056
   macro avg       0.66      0.57      0.56     45056
weighted avg       0.66      0.57      0.56     45056

✅  Saved confmat_snr_2.png

📊  Classification report for SNR 2 dB (easy classes):
              precision    recall  f1-score   support

         OOK       1.00      1.00      1.00      4096
        4ASK       0.35      0.28      0.31      4096
        BPSK       0.89      0.74      0.81      4096
        QPSK       1.00      0.91      0.95      4096
        8PSK       0.50      0.81      0.62      4096
       16QAM       1.00      1.00      1.00      4096
   AM-SSB-SC       0.44      0.07      0.13      4096
   AM-DSB-SC       0.51      0.08      0.13      4096
          FM       1.00      1.00      1.00      4096
        GMSK       0.98      1.00      0.99      4096
       OQPSK       0.99      0.48      0.65      4096

   micro avg       0.82      0.67      0.74     45056
   macro avg       0.79      0.67      0.69     45056
weighted avg       0.79      0.67      0.69     45056

✅  Saved confmat_snr_4.png

📊  Classification report for SNR 4 dB (easy classes):
              precision    recall  f1-score   support

         OOK       1.00      1.00      1.00      4096
        4ASK       0.50      0.54      0.52      4096
        BPSK       0.98      0.95      0.96      4096
        QPSK       1.00      0.94      0.97      4096
        8PSK       0.81      0.89      0.85      4096
       16QAM       1.00      1.00      1.00      4096
   AM-SSB-SC       0.65      0.17      0.27      4096
   AM-DSB-SC       0.68      0.25      0.36      4096
          FM       1.00      1.00      1.00      4096
        GMSK       1.00      1.00      1.00      4096
       OQPSK       1.00      0.73      0.84      4096

   micro avg       0.90      0.77      0.83     45056
   macro avg       0.87      0.77      0.80     45056
weighted avg       0.87      0.77      0.80     45056

✅  Saved confmat_snr_6.png

📊  Classification report for SNR 6 dB (easy classes):
              precision    recall  f1-score   support

         OOK       1.00      1.00      1.00      4096
        4ASK       0.65      0.74      0.69      4096
        BPSK       1.00      1.00      1.00      4096
        QPSK       1.00      0.95      0.98      4096
        8PSK       0.95      0.98      0.97      4096
       16QAM       1.00      1.00      1.00      4096
   AM-SSB-SC       0.83      0.42      0.56      4096
   AM-DSB-SC       0.85      0.42      0.56      4096
          FM       1.00      1.00      1.00      4096
        GMSK       1.00      1.00      1.00      4096
       OQPSK       1.00      0.84      0.91      4096

   micro avg       0.94      0.85      0.89     45056
   macro avg       0.93      0.85      0.88     45056
weighted avg       0.93      0.85      0.88     45056

✅  Saved confmat_snr_8.png

📊  Classification report for SNR 8 dB (easy classes):
              precision    recall  f1-score   support

         OOK       1.00      1.00      1.00      4096
        4ASK       0.76      0.85      0.80      4096
        BPSK       1.00      1.00      1.00      4096
        QPSK       1.00      0.96      0.98      4096
        8PSK       0.98      1.00      0.99      4096
       16QAM       1.00      1.00      1.00      4096
   AM-SSB-SC       0.89      0.71      0.79      4096
   AM-DSB-SC       0.95      0.50      0.66      4096
          FM       1.00      1.00      1.00      4096
        GMSK       1.00      1.00      1.00      4096
       OQPSK       1.00      0.97      0.99      4096

   micro avg       0.96      0.91      0.93     45056
   macro avg       0.96      0.91      0.93     45056
weighted avg       0.96      0.91      0.93     45056

✅  Saved confmat_snr_10.png

📊  Classification report for SNR 10 dB (easy classes):
              precision    recall  f1-score   support

         OOK       1.00      1.00      1.00      4096
        4ASK       0.83      0.89      0.86      4096
        BPSK       1.00      1.00      1.00      4096
        QPSK       1.00      0.96      0.98      4096
        8PSK       0.99      1.00      0.99      4096
       16QAM       1.00      1.00      1.00      4096
   AM-SSB-SC       0.91      0.83      0.87      4096
   AM-DSB-SC       0.98      0.53      0.69      4096
          FM       1.00      1.00      1.00      4096
        GMSK       1.00      1.00      1.00      4096
       OQPSK       1.00      0.99      0.99      4096

   micro avg       0.97      0.93      0.95     45056
   macro avg       0.97      0.93      0.94     45056
weighted avg       0.97      0.93      0.94     45056

✅  Saved confmat_snr_12.png

📊  Classification report for SNR 12 dB (easy classes):
              precision    recall  f1-score   support

         OOK       1.00      1.00      1.00      4096
        4ASK       0.88      0.90      0.89      4096
        BPSK       1.00      1.00      1.00      4096
        QPSK       1.00      0.96      0.98      4096
        8PSK       0.99      1.00      1.00      4096
       16QAM       1.00      1.00      1.00      4096
   AM-SSB-SC       0.92      0.88      0.90      4096
   AM-DSB-SC       0.98      0.54      0.70      4096
          FM       1.00      1.00      1.00      4096
        GMSK       1.00      1.00      1.00      4096
       OQPSK       1.00      0.99      1.00      4096

   micro avg       0.98      0.93      0.96     45056
   macro avg       0.98      0.93      0.95     45056
weighted avg       0.98      0.93      0.95     45056

✅  Saved confmat_snr_14.png

📊  Classification report for SNR 14 dB (easy classes):
              precision    recall  f1-score   support

         OOK       1.00      1.00      1.00      4096
        4ASK       0.87      0.93      0.90      4096
        BPSK       1.00      1.00      1.00      4096
        QPSK       1.00      0.96      0.98      4096
        8PSK       0.99      1.00      1.00      4096
       16QAM       1.00      1.00      1.00      4096
   AM-SSB-SC       0.93      0.87      0.90      4096
   AM-DSB-SC       0.99      0.55      0.71      4096
          FM       1.00      1.00      1.00      4096
        GMSK       1.00      1.00      1.00      4096
       OQPSK       1.00      1.00      1.00      4096

   micro avg       0.98      0.94      0.96     45056
   macro avg       0.98      0.94      0.95     45056
weighted avg       0.98      0.94      0.95     45056

✅  Saved confmat_snr_16.png

📊  Classification report for SNR 16 dB (easy classes):
              precision    recall  f1-score   support

         OOK       1.00      1.00      1.00      4096
        4ASK       0.88      0.91      0.90      4096
        BPSK       1.00      1.00      1.00      4096
        QPSK       1.00      0.96      0.98      4096
        8PSK       1.00      1.00      1.00      4096
       16QAM       1.00      1.00      1.00      4096
   AM-SSB-SC       0.92      0.89      0.90      4096
   AM-DSB-SC       0.99      0.56      0.72      4096
          FM       1.00      1.00      1.00      4096
        GMSK       1.00      1.00      1.00      4096
       OQPSK       1.00      1.00      1.00      4096

   micro avg       0.98      0.94      0.96     45056
   macro avg       0.98      0.94      0.95     45056
weighted avg       0.98      0.94      0.95     45056

✅  Saved confmat_snr_18.png

📊  Classification report for SNR 18 dB (easy classes):
              precision    recall  f1-score   support

         OOK       1.00      1.00      1.00      4096
        4ASK       0.88      0.91      0.90      4096
        BPSK       1.00      1.00      1.00      4096
        QPSK       1.00      0.96      0.98      4096
        8PSK       1.00      1.00      1.00      4096
       16QAM       1.00      1.00      1.00      4096
   AM-SSB-SC       0.92      0.89      0.90      4096
   AM-DSB-SC       0.99      0.56      0.72      4096
          FM       1.00      1.00      1.00      4096
        GMSK       1.00      1.00      1.00      4096
       OQPSK       1.00      1.00      1.00      4096

   micro avg       0.98      0.94      0.96     45056
   macro avg       0.98      0.94      0.95     45056
weighted avg       0.98      0.94      0.95     45056

✅  Saved confmat_snr_20.png

📊  Classification report for SNR 20 dB (easy classes):
              precision    recall  f1-score   support

         OOK       1.00      1.00      1.00      4096
        4ASK       0.88      0.91      0.90      4096
        BPSK       1.00      1.00      1.00      4096
        QPSK       1.00      0.96      0.98      4096
        8PSK       1.00      1.00      1.00      4096
       16QAM       1.00      1.00      1.00      4096
   AM-SSB-SC       0.92      0.88      0.90      4096
   AM-DSB-SC       0.99      0.57      0.73      4096
          FM       1.00      1.00      1.00      4096
        GMSK       1.00      1.00      1.00      4096
       OQPSK       1.00      1.00      1.00      4096

   micro avg       0.98      0.94      0.96     45056
   macro avg       0.98      0.94      0.95     45056
weighted avg       0.98      0.94      0.95     45056

✅  Saved confmat_snr_22.png

📊  Classification report for SNR 22 dB (easy classes):
              precision    recall  f1-score   support

         OOK       1.00      1.00      1.00      4096
        4ASK       0.88      0.91      0.90      4096
        BPSK       1.00      1.00      1.00      4096
        QPSK       1.00      0.96      0.98      4096
        8PSK       0.99      1.00      1.00      4096
       16QAM       1.00      1.00      1.00      4096
   AM-SSB-SC       0.92      0.89      0.91      4096
   AM-DSB-SC       0.99      0.57      0.72      4096
          FM       1.00      1.00      1.00      4096
        GMSK       1.00      1.00      1.00      4096
       OQPSK       1.00      1.00      1.00      4096

   micro avg       0.98      0.94      0.96     45056
   macro avg       0.98      0.94      0.96     45056
weighted avg       0.98      0.94      0.96     45056

✅  Saved confmat_snr_24.png

📊  Classification report for SNR 24 dB (easy classes):
              precision    recall  f1-score   support

         OOK       1.00      1.00      1.00      4096
        4ASK       0.88      0.91      0.89      4096
        BPSK       1.00      1.00      1.00      4096
        QPSK       1.00      0.96      0.98      4096
        8PSK       1.00      1.00      1.00      4096
       16QAM       1.00      1.00      1.00      4096
   AM-SSB-SC       0.92      0.88      0.90      4096
   AM-DSB-SC       0.99      0.58      0.73      4096
          FM       1.00      1.00      1.00      4096
        GMSK       1.00      1.00      1.00      4096
       OQPSK       1.00      1.00      1.00      4096

   micro avg       0.98      0.94      0.96     45056
   macro avg       0.98      0.94      0.95     45056
weighted avg       0.98      0.94      0.95     45056

✅  Saved confmat_snr_26.png

📊  Classification report for SNR 26 dB (easy classes):
              precision    recall  f1-score   support

         OOK       1.00      1.00      1.00      4096
        4ASK       0.88      0.91      0.90      4096
        BPSK       1.00      1.00      1.00      4096
        QPSK       1.00      0.96      0.98      4096
        8PSK       1.00      1.00      1.00      4096
       16QAM       1.00      1.00      1.00      4096
   AM-SSB-SC       0.92      0.89      0.90      4096
   AM-DSB-SC       0.99      0.57      0.72      4096
          FM       1.00      1.00      1.00      4096
        GMSK       1.00      1.00      1.00      4096
       OQPSK       1.00      1.00      1.00      4096

   micro avg       0.98      0.94      0.96     45056
   macro avg       0.98      0.94      0.95     45056
weighted avg       0.98      0.94      0.95     45056

✅  Saved confmat_snr_28.png

📊  Classification report for SNR 28 dB (easy classes):
              precision    recall  f1-score   support

         OOK       1.00      1.00      1.00      4096
        4ASK       0.89      0.92      0.90      4096
        BPSK       1.00      1.00      1.00      4096
        QPSK       1.00      0.96      0.98      4096
        8PSK       1.00      1.00      1.00      4096
       16QAM       1.00      1.00      1.00      4096
   AM-SSB-SC       0.92      0.89      0.90      4096
   AM-DSB-SC       0.99      0.57      0.72      4096
          FM       1.00      1.00      1.00      4096
        GMSK       1.00      1.00      1.00      4096
       OQPSK       1.00      1.00      1.00      4096

   micro avg       0.98      0.94      0.96     45056
   macro avg       0.98      0.94      0.95     45056
weighted avg       0.98      0.94      0.95     45056

✅  Saved confmat_snr_30.png

📊  Classification report for SNR 30 dB (easy classes):
              precision    recall  f1-score   support

         OOK       1.00      1.00      1.00      4096
        4ASK       0.88      0.92      0.90      4096
        BPSK       1.00      1.00      1.00      4096
        QPSK       1.00      0.96      0.98      4096
        8PSK       0.99      1.00      1.00      4096
       16QAM       1.00      1.00      1.00      4096
   AM-SSB-SC       0.93      0.89      0.91      4096
   AM-DSB-SC       0.98      0.56      0.72      4096
          FM       1.00      1.00      1.00      4096
        GMSK       1.00      1.00      1.00      4096
       OQPSK       1.00      1.00      1.00      4096

   micro avg       0.98      0.94      0.96     45056
   macro avg       0.98      0.94      0.95     45056
weighted avg       0.98      0.94      0.95     45056

