🖥  Using device : cuda
Loaded: (2555904, 1024, 2) (2555904, 24) (2555904,)
After SNR filter : (2260992, 1024, 2)
Train: (2260992, 1024, 2)  Test: (2260992, 1024, 2)
💡 first batch shape : torch.Size([32, 2, 1, 1024])
RMLNet(
  (model): Sequential(
    (0): Sequential(
      (0): Conv2d(2, 64, kernel_size=(1, 3), stride=(1, 1), padding=(0, 1))
      (1): BatchNorm2d(64, eps=0.001, momentum=0.99, affine=True, track_running_stats=True)
      (2): ReLU(inplace=True)
      (3): MaxPool2d(kernel_size=(1, 2), stride=(1, 2), padding=0, dilation=1, ceil_mode=False)
    )
    (1): Sequential(
      (0): Conv2d(64, 64, kernel_size=(1, 3), stride=(1, 1), padding=(0, 1))
      (1): BatchNorm2d(64, eps=0.001, momentum=0.99, affine=True, track_running_stats=True)
      (2): ReLU(inplace=True)
      (3): MaxPool2d(kernel_size=(1, 2), stride=(1, 2), padding=0, dilation=1, ceil_mode=False)
    )
    (2): Sequential(
      (0): Conv2d(64, 64, kernel_size=(1, 3), stride=(1, 1), padding=(0, 1))
      (1): BatchNorm2d(64, eps=0.001, momentum=0.99, affine=True, track_running_stats=True)
      (2): ReLU(inplace=True)
      (3): MaxPool2d(kernel_size=(1, 2), stride=(1, 2), padding=0, dilation=1, ceil_mode=False)
    )
    (3): Sequential(
      (0): Conv2d(64, 64, kernel_size=(1, 3), stride=(1, 1), padding=(0, 1))
      (1): BatchNorm2d(64, eps=0.001, momentum=0.99, affine=True, track_running_stats=True)
      (2): ReLU(inplace=True)
      (3): MaxPool2d(kernel_size=(1, 2), stride=(1, 2), padding=0, dilation=1, ceil_mode=False)
    )
    (4): Sequential(
      (0): Conv2d(64, 64, kernel_size=(1, 3), stride=(1, 1), padding=(0, 1))
      (1): BatchNorm2d(64, eps=0.001, momentum=0.99, affine=True, track_running_stats=True)
      (2): ReLU(inplace=True)
      (3): MaxPool2d(kernel_size=(1, 2), stride=(1, 2), padding=0, dilation=1, ceil_mode=False)
    )
    (5): Sequential(
      (0): Conv2d(64, 64, kernel_size=(1, 3), stride=(1, 1), padding=(0, 1))
      (1): BatchNorm2d(64, eps=0.001, momentum=0.99, affine=True, track_running_stats=True)
      (2): ReLU(inplace=True)
      (3): AvgPool2d(kernel_size=(1, 16), stride=(1, 16), padding=0)
    )
    (6): Flatten(start_dim=1, end_dim=-1)
    (7): Linear(in_features=128, out_features=128, bias=True)
    (8): ReLU(inplace=True)
    (9): Dropout(p=0.5, inplace=False)
    (10): Linear(in_features=128, out_features=24, bias=True)
  )
)
Epoch   1 | train loss  1.5038 acc  0.450 | val loss  1.2785 acc  0.532
Epoch   2 | train loss  1.2860 acc  0.531 | val loss  1.3512 acc  0.547
Epoch   3 | train loss  1.2245 acc  0.556 | val loss  1.2834 acc  0.585
Epoch   4 | train loss  1.1918 acc  0.571 | val loss  1.1673 acc  0.582
Epoch   5 | train loss  1.1703 acc  0.580 | val loss  1.1279 acc  0.592
Epoch   6 | train loss  1.1547 acc  0.586 | val loss  1.1815 acc  0.588
Epoch   7 | train loss  1.1446 acc  0.590 | val loss  1.1246 acc  0.599
Epoch   8 | train loss  1.1347 acc  0.594 | val loss  8.4143 acc  0.575
Epoch   9 | train loss  1.1288 acc  0.596 | val loss  1.0769 acc  0.614
Epoch  10 | train loss  1.1231 acc  0.599 | val loss  6.0728 acc  0.595
Epoch  11 | train loss  1.1190 acc  0.600 | val loss  7.9876 acc  0.605
Epoch  12 | train loss  1.1151 acc  0.602 | val loss  1.4590 acc  0.609
Epoch  13 | train loss  1.1114 acc  0.604 | val loss  1.0522 acc  0.627
Epoch  14 | train loss  1.1084 acc  0.605 | val loss  1.0848 acc  0.629
Epoch  15 | train loss  1.1061 acc  0.606 | val loss  1.0636 acc  0.621
Epoch  16 | train loss  1.1041 acc  0.607 | val loss  1.1396 acc  0.617
Epoch  17 | train loss  1.1009 acc  0.608 | val loss  1.2644 acc  0.620
Epoch  18 | train loss  1.0991 acc  0.609 | val loss  1.1804 acc  0.616
⏹  Early stopping triggered.

Test‑set  loss : 1.0522 | accuracy : 0.6270
✅  Saved confmat_snr_-14.png

📊  Classification report for SNR -14 dB (easy classes):
              precision    recall  f1-score   support

         OOK       0.04      0.00      0.00      4096
        4ASK       0.00      0.00      0.00      4096
        BPSK       0.07      0.00      0.00      4096
        QPSK       0.27      0.01      0.01      4096
        8PSK       0.00      0.00      0.00      4096
       16QAM       0.14      0.00      0.00      4096
   AM-SSB-SC       0.00      0.00      0.00      4096
   AM-DSB-SC       0.11      0.01      0.01      4096
          FM       0.08      0.02      0.03      4096
        GMSK       0.09      0.82      0.17      4096
       OQPSK       0.00      0.00      0.00      4096

   micro avg       0.09      0.08      0.08     45056
   macro avg       0.07      0.08      0.02     45056
weighted avg       0.07      0.08      0.02     45056

✅  Saved confmat_snr_-12.png

📊  Classification report for SNR -12 dB (easy classes):
              precision    recall  f1-score   support

         OOK       0.05      0.00      0.00      4096
        4ASK       0.00      0.00      0.00      4096
        BPSK       0.09      0.00      0.00      4096
        QPSK       0.61      0.02      0.03      4096
        8PSK       0.00      0.00      0.00      4096
       16QAM       0.05      0.00      0.00      4096
   AM-SSB-SC       0.00      0.00      0.00      4096
   AM-DSB-SC       0.08      0.01      0.01      4096
          FM       0.11      0.03      0.05      4096
        GMSK       0.09      0.81      0.17      4096
       OQPSK       0.00      0.00      0.00      4096

   micro avg       0.09      0.08      0.09     45056
   macro avg       0.10      0.08      0.02     45056
weighted avg       0.10      0.08      0.02     45056

✅  Saved confmat_snr_-10.png

📊  Classification report for SNR -10 dB (easy classes):
              precision    recall  f1-score   support

         OOK       0.14      0.00      0.01      4096
        4ASK       0.00      0.00      0.00      4096
        BPSK       0.23      0.00      0.00      4096
        QPSK       0.88      0.08      0.15      4096
        8PSK       0.00      0.00      0.00      4096
       16QAM       0.10      0.00      0.00      4096
   AM-SSB-SC       0.14      0.00      0.00      4096
   AM-DSB-SC       0.08      0.01      0.01      4096
          FM       0.13      0.05      0.07      4096
        GMSK       0.10      0.80      0.17      4096
       OQPSK       0.00      0.00      0.00      4096

   micro avg       0.11      0.09      0.10     45056
   macro avg       0.16      0.09      0.04     45056
weighted avg       0.16      0.09      0.04     45056

✅  Saved confmat_snr_-8.png

📊  Classification report for SNR -8 dB (easy classes):
              precision    recall  f1-score   support

         OOK       0.12      0.01      0.02      4096
        4ASK       0.00      0.00      0.00      4096
        BPSK       0.19      0.00      0.00      4096
        QPSK       0.95      0.22      0.36      4096
        8PSK       0.00      0.00      0.00      4096
       16QAM       0.11      0.02      0.03      4096
   AM-SSB-SC       0.14      0.00      0.00      4096
   AM-DSB-SC       0.11      0.01      0.01      4096
          FM       0.26      0.15      0.19      4096
        GMSK       0.10      0.79      0.18      4096
       OQPSK       0.00      0.00      0.00      4096

   micro avg       0.14      0.11      0.12     45056
   macro avg       0.18      0.11      0.07     45056
weighted avg       0.18      0.11      0.07     45056

✅  Saved confmat_snr_-6.png

📊  Classification report for SNR -6 dB (easy classes):
              precision    recall  f1-score   support

         OOK       0.22      0.08      0.11      4096
        4ASK       0.00      0.00      0.00      4096
        BPSK       0.04      0.00      0.00      4096
        QPSK       0.97      0.09      0.17      4096
        8PSK       0.17      0.01      0.02      4096
       16QAM       0.12      0.13      0.13      4096
   AM-SSB-SC       0.00      0.00      0.00      4096
   AM-DSB-SC       0.11      0.01      0.02      4096
          FM       0.53      0.47      0.50      4096
        GMSK       0.11      0.56      0.18      4096
       OQPSK       0.33      0.00      0.00      4096

   micro avg       0.18      0.12      0.15     45056
   macro avg       0.24      0.12      0.10     45056
weighted avg       0.24      0.12      0.10     45056

✅  Saved confmat_snr_-4.png

📊  Classification report for SNR -4 dB (easy classes):
              precision    recall  f1-score   support

         OOK       0.50      0.64      0.56      4096
        4ASK       0.07      0.00      0.00      4096
        BPSK       0.15      0.01      0.01      4096
        QPSK       1.00      0.05      0.09      4096
        8PSK       0.21      0.15      0.18      4096
       16QAM       0.26      0.08      0.13      4096
   AM-SSB-SC       0.05      0.00      0.00      4096
   AM-DSB-SC       0.17      0.01      0.02      4096
          FM       0.95      0.93      0.94      4096
        GMSK       0.16      0.27      0.20      4096
       OQPSK       0.15      0.00      0.00      4096

   micro avg       0.42      0.19      0.26     45056
   macro avg       0.33      0.19      0.19     45056
weighted avg       0.33      0.19      0.19     45056

✅  Saved confmat_snr_-2.png

📊  Classification report for SNR -2 dB (easy classes):
              precision    recall  f1-score   support

         OOK       0.78      1.00      0.87      4096
        4ASK       0.00      0.00      0.00      4096
        BPSK       0.22      0.15      0.18      4096
        QPSK       1.00      0.15      0.26      4096
        8PSK       0.31      0.51      0.38      4096
       16QAM       0.59      0.51      0.55      4096
   AM-SSB-SC       0.20      0.02      0.04      4096
   AM-DSB-SC       0.27      0.01      0.02      4096
          FM       1.00      1.00      1.00      4096
        GMSK       0.33      0.66      0.44      4096
       OQPSK       0.50      0.00      0.00      4096

   micro avg       0.52      0.36      0.43     45056
   macro avg       0.47      0.36      0.34     45056
weighted avg       0.47      0.36      0.34     45056

✅  Saved confmat_snr_0.png

📊  Classification report for SNR 0 dB (easy classes):
              precision    recall  f1-score   support

         OOK       0.98      1.00      0.99      4096
        4ASK       0.33      0.00      0.00      4096
        BPSK       0.56      0.50      0.53      4096
        QPSK       1.00      0.45      0.62      4096
        8PSK       0.38      0.69      0.49      4096
       16QAM       0.96      0.89      0.92      4096
   AM-SSB-SC       0.29      0.11      0.16      4096
   AM-DSB-SC       0.30      0.10      0.15      4096
          FM       1.00      1.00      1.00      4096
        GMSK       0.75      0.93      0.83      4096
       OQPSK       0.86      0.02      0.05      4096

   micro avg       0.70      0.52      0.60     45056
   macro avg       0.67      0.52      0.52     45056
weighted avg       0.67      0.52      0.52     45056

✅  Saved confmat_snr_2.png

📊  Classification report for SNR 2 dB (easy classes):
              precision    recall  f1-score   support

         OOK       1.00      1.00      1.00      4096
        4ASK       0.37      0.05      0.09      4096
        BPSK       0.86      0.74      0.80      4096
        QPSK       1.00      0.69      0.82      4096
        8PSK       0.53      0.82      0.64      4096
       16QAM       1.00      0.99      1.00      4096
   AM-SSB-SC       0.40      0.17      0.23      4096
   AM-DSB-SC       0.49      0.29      0.36      4096
          FM       1.00      1.00      1.00      4096
        GMSK       0.99      1.00      1.00      4096
       OQPSK       0.99      0.18      0.30      4096

   micro avg       0.82      0.63      0.71     45056
   macro avg       0.78      0.63      0.66     45056
weighted avg       0.78      0.63      0.66     45056

✅  Saved confmat_snr_4.png

📊  Classification report for SNR 4 dB (easy classes):
              precision    recall  f1-score   support

         OOK       1.00      1.00      1.00      4096
        4ASK       0.61      0.25      0.36      4096
        BPSK       0.97      0.93      0.95      4096
        QPSK       1.00      0.84      0.91      4096
        8PSK       0.75      0.93      0.83      4096
       16QAM       1.00      1.00      1.00      4096
   AM-SSB-SC       0.56      0.29      0.38      4096
   AM-DSB-SC       0.67      0.36      0.47      4096
          FM       1.00      1.00      1.00      4096
        GMSK       1.00      1.00      1.00      4096
       OQPSK       1.00      0.45      0.62      4096

   micro avg       0.90      0.73      0.81     45056
   macro avg       0.87      0.73      0.77     45056
weighted avg       0.87      0.73      0.77     45056

✅  Saved confmat_snr_6.png

📊  Classification report for SNR 6 dB (easy classes):
              precision    recall  f1-score   support

         OOK       1.00      1.00      1.00      4096
        4ASK       0.78      0.49      0.60      4096
        BPSK       1.00      0.99      1.00      4096
        QPSK       1.00      0.92      0.96      4096
        8PSK       0.91      0.99      0.95      4096
       16QAM       1.00      1.00      1.00      4096
   AM-SSB-SC       0.71      0.59      0.64      4096
   AM-DSB-SC       0.88      0.39      0.54      4096
          FM       1.00      1.00      1.00      4096
        GMSK       1.00      1.00      1.00      4096
       OQPSK       1.00      0.68      0.81      4096

   micro avg       0.95      0.82      0.88     45056
   macro avg       0.94      0.82      0.86     45056
weighted avg       0.94      0.82      0.86     45056

✅  Saved confmat_snr_8.png

📊  Classification report for SNR 8 dB (easy classes):
              precision    recall  f1-score   support

         OOK       1.00      1.00      1.00      4096
        4ASK       0.86      0.64      0.73      4096
        BPSK       1.00      1.00      1.00      4096
        QPSK       1.00      0.94      0.97      4096
        8PSK       0.97      1.00      0.98      4096
       16QAM       1.00      1.00      1.00      4096
   AM-SSB-SC       0.77      0.83      0.80      4096
   AM-DSB-SC       0.97      0.41      0.57      4096
          FM       1.00      1.00      1.00      4096
        GMSK       1.00      1.00      1.00      4096
       OQPSK       1.00      0.86      0.93      4096

   micro avg       0.96      0.88      0.92     45056
   macro avg       0.96      0.88      0.91     45056
weighted avg       0.96      0.88      0.91     45056

✅  Saved confmat_snr_10.png

📊  Classification report for SNR 10 dB (easy classes):
              precision    recall  f1-score   support

         OOK       1.00      1.00      1.00      4096
        4ASK       0.92      0.70      0.80      4096
        BPSK       1.00      1.00      1.00      4096
        QPSK       1.00      0.95      0.98      4096
        8PSK       0.98      1.00      0.99      4096
       16QAM       1.00      1.00      1.00      4096
   AM-SSB-SC       0.79      0.92      0.85      4096
   AM-DSB-SC       0.99      0.42      0.59      4096
          FM       1.00      1.00      1.00      4096
        GMSK       1.00      1.00      1.00      4096
       OQPSK       1.00      0.93      0.96      4096

   micro avg       0.97      0.90      0.93     45056
   macro avg       0.97      0.90      0.92     45056
weighted avg       0.97      0.90      0.92     45056

✅  Saved confmat_snr_12.png

📊  Classification report for SNR 12 dB (easy classes):
              precision    recall  f1-score   support

         OOK       1.00      1.00      1.00      4096
        4ASK       0.94      0.73      0.82      4096
        BPSK       1.00      1.00      1.00      4096
        QPSK       1.00      0.95      0.98      4096
        8PSK       0.99      1.00      0.99      4096
       16QAM       1.00      1.00      1.00      4096
   AM-SSB-SC       0.80      0.94      0.87      4096
   AM-DSB-SC       0.99      0.41      0.58      4096
          FM       1.00      1.00      1.00      4096
        GMSK       1.00      1.00      1.00      4096
       OQPSK       1.00      0.94      0.97      4096

   micro avg       0.97      0.91      0.94     45056
   macro avg       0.97      0.91      0.93     45056
weighted avg       0.97      0.91      0.93     45056

✅  Saved confmat_snr_14.png

📊  Classification report for SNR 14 dB (easy classes):
              precision    recall  f1-score   support

         OOK       1.00      1.00      1.00      4096
        4ASK       0.94      0.75      0.83      4096
        BPSK       1.00      1.00      1.00      4096
        QPSK       1.00      0.95      0.97      4096
        8PSK       0.99      1.00      0.99      4096
       16QAM       1.00      1.00      1.00      4096
   AM-SSB-SC       0.81      0.94      0.87      4096
   AM-DSB-SC       0.99      0.41      0.58      4096
          FM       1.00      1.00      1.00      4096
        GMSK       1.00      1.00      1.00      4096
       OQPSK       1.00      0.94      0.97      4096

   micro avg       0.97      0.91      0.94     45056
   macro avg       0.98      0.91      0.93     45056
weighted avg       0.98      0.91      0.93     45056

✅  Saved confmat_snr_16.png

📊  Classification report for SNR 16 dB (easy classes):
              precision    recall  f1-score   support

         OOK       1.00      1.00      1.00      4096
        4ASK       0.94      0.75      0.84      4096
        BPSK       1.00      1.00      1.00      4096
        QPSK       1.00      0.95      0.97      4096
        8PSK       0.99      1.00      0.99      4096
       16QAM       1.00      1.00      1.00      4096
   AM-SSB-SC       0.81      0.95      0.87      4096
   AM-DSB-SC       0.99      0.42      0.59      4096
          FM       1.00      1.00      1.00      4096
        GMSK       1.00      1.00      1.00      4096
       OQPSK       1.00      0.95      0.97      4096

   micro avg       0.97      0.91      0.94     45056
   macro avg       0.98      0.91      0.93     45056
weighted avg       0.98      0.91      0.93     45056

✅  Saved confmat_snr_18.png

📊  Classification report for SNR 18 dB (easy classes):
              precision    recall  f1-score   support

         OOK       1.00      1.00      1.00      4096
        4ASK       0.94      0.74      0.83      4096
        BPSK       1.00      1.00      1.00      4096
        QPSK       1.00      0.96      0.98      4096
        8PSK       0.99      1.00      1.00      4096
       16QAM       1.00      1.00      1.00      4096
   AM-SSB-SC       0.80      0.95      0.87      4096
   AM-DSB-SC       0.99      0.43      0.60      4096
          FM       1.00      1.00      1.00      4096
        GMSK       1.00      1.00      1.00      4096
       OQPSK       1.00      0.95      0.97      4096

   micro avg       0.97      0.91      0.94     45056
   macro avg       0.98      0.91      0.93     45056
weighted avg       0.98      0.91      0.93     45056

✅  Saved confmat_snr_20.png

📊  Classification report for SNR 20 dB (easy classes):
              precision    recall  f1-score   support

         OOK       1.00      1.00      1.00      4096
        4ASK       0.94      0.75      0.84      4096
        BPSK       1.00      1.00      1.00      4096
        QPSK       1.00      0.95      0.98      4096
        8PSK       0.99      1.00      0.99      4096
       16QAM       1.00      1.00      1.00      4096
   AM-SSB-SC       0.81      0.95      0.87      4096
   AM-DSB-SC       0.99      0.44      0.61      4096
          FM       1.00      1.00      1.00      4096
        GMSK       1.00      1.00      1.00      4096
       OQPSK       1.00      0.95      0.98      4096

   micro avg       0.97      0.91      0.94     45056
   macro avg       0.98      0.91      0.93     45056
weighted avg       0.98      0.91      0.93     45056

✅  Saved confmat_snr_22.png

📊  Classification report for SNR 22 dB (easy classes):
              precision    recall  f1-score   support

         OOK       1.00      1.00      1.00      4096
        4ASK       0.94      0.75      0.83      4096
        BPSK       1.00      1.00      1.00      4096
        QPSK       1.00      0.95      0.98      4096
        8PSK       0.99      1.00      0.99      4096
       16QAM       1.00      1.00      1.00      4096
   AM-SSB-SC       0.81      0.95      0.87      4096
   AM-DSB-SC       0.99      0.42      0.59      4096
          FM       1.00      1.00      1.00      4096
        GMSK       1.00      1.00      1.00      4096
       OQPSK       1.00      0.94      0.97      4096

   micro avg       0.97      0.91      0.94     45056
   macro avg       0.98      0.91      0.93     45056
weighted avg       0.98      0.91      0.93     45056

✅  Saved confmat_snr_24.png

📊  Classification report for SNR 24 dB (easy classes):
              precision    recall  f1-score   support

         OOK       1.00      1.00      1.00      4096
        4ASK       0.94      0.75      0.84      4096
        BPSK       1.00      1.00      1.00      4096
        QPSK       1.00      0.95      0.98      4096
        8PSK       0.99      1.00      0.99      4096
       16QAM       1.00      1.00      1.00      4096
   AM-SSB-SC       0.81      0.95      0.87      4096
   AM-DSB-SC       0.99      0.44      0.61      4096
          FM       1.00      1.00      1.00      4096
        GMSK       1.00      1.00      1.00      4096
       OQPSK       1.00      0.95      0.98      4096

   micro avg       0.97      0.91      0.94     45056
   macro avg       0.98      0.91      0.93     45056
weighted avg       0.98      0.91      0.93     45056

✅  Saved confmat_snr_26.png

📊  Classification report for SNR 26 dB (easy classes):
              precision    recall  f1-score   support

         OOK       1.00      1.00      1.00      4096
        4ASK       0.94      0.74      0.83      4096
        BPSK       1.00      1.00      1.00      4096
        QPSK       1.00      0.95      0.98      4096
        8PSK       0.99      1.00      1.00      4096
       16QAM       1.00      1.00      1.00      4096
   AM-SSB-SC       0.80      0.94      0.87      4096
   AM-DSB-SC       0.99      0.43      0.60      4096
          FM       1.00      1.00      1.00      4096
        GMSK       1.00      1.00      1.00      4096
       OQPSK       1.00      0.96      0.98      4096

   micro avg       0.97      0.91      0.94     45056
   macro avg       0.97      0.91      0.93     45056
weighted avg       0.97      0.91      0.93     45056

✅  Saved confmat_snr_28.png

📊  Classification report for SNR 28 dB (easy classes):
              precision    recall  f1-score   support

         OOK       1.00      1.00      1.00      4096
        4ASK       0.94      0.74      0.83      4096
        BPSK       1.00      1.00      1.00      4096
        QPSK       1.00      0.95      0.97      4096
        8PSK       0.99      1.00      1.00      4096
       16QAM       1.00      1.00      1.00      4096
   AM-SSB-SC       0.81      0.95      0.87      4096
   AM-DSB-SC       0.99      0.42      0.59      4096
          FM       1.00      1.00      1.00      4096
        GMSK       1.00      1.00      1.00      4096
       OQPSK       1.00      0.95      0.98      4096

   micro avg       0.97      0.91      0.94     45056
   macro avg       0.98      0.91      0.93     45056
weighted avg       0.98      0.91      0.93     45056

✅  Saved confmat_snr_30.png

📊  Classification report for SNR 30 dB (easy classes):
              precision    recall  f1-score   support

         OOK       1.00      1.00      1.00      4096
        4ASK       0.95      0.76      0.84      4096
        BPSK       1.00      1.00      1.00      4096
        QPSK       1.00      0.96      0.98      4096
        8PSK       0.99      1.00      1.00      4096
       16QAM       1.00      1.00      1.00      4096
   AM-SSB-SC       0.82      0.96      0.88      4096
   AM-DSB-SC       0.99      0.42      0.59      4096
          FM       1.00      1.00      1.00      4096
        GMSK       1.00      1.00      1.00      4096
       OQPSK       1.00      0.95      0.97      4096

   micro avg       0.97      0.91      0.94     45056
   macro avg       0.98      0.91      0.93     45056
weighted avg       0.98      0.91      0.93     45056

